<?xml version="1.0" encoding="UTF-8"?>
<!-- Generated by org.testng.reporters.JUnitReportReporter -->
<testsuite hostname="LAPTOP-OEEM8ORO" failures="0" tests="1" name="com.payrollservice.PayrollServiceTestNG" time="1.475" errors="0" timestamp="2021-05-28T17:41:32 IST" skipped="0">
  <testcase classname="com.payrollservice.PayrollServiceTestNG" name="updateExistingRecord_shouldReturn_200statusCode" time="1.475"/>
  <system-out/>
</testsuite> <!-- com.payrollservice.PayrollServiceTestNG -->
